<?xml version="1.0" encoding="UTF-8"?>
<!-- Generated by org.testng.reporters.JUnitReportReporter -->
<testsuite hostname="Daniels-MacBook-Pro.local" failures="0" tests="10" name="tests.LoginTest" time="39.271" errors="0" timestamp="2020-10-17T23:08:22 IDT" skipped="0">
  <testcase classname="tests.LoginTest" name="tc02_login" time="3.141"/>
  <system-out/>
  <testcase classname="tests.LoginTest" name="tc01_login" time="6.971"/>
  <system-out/>
  <testcase classname="tests.LoginTest" name="tc03_login" time="3.437"/>
  <system-out/>
  <testcase classname="tests.LoginTest" name="tc03_login" time="3.590"/>
  <system-out/>
  <testcase classname="tests.LoginTest" name="tc03_login" time="4.129"/>
  <system-out/>
  <testcase classname="tests.LoginTest" name="tc03_login" time="4.613"/>
  <system-out/>
  <testcase classname="tests.LoginTest" name="tc02_login" time="2.659"/>
  <system-out/>
  <testcase classname="tests.LoginTest" name="tc02_login" time="2.931"/>
  <system-out/>
  <testcase classname="tests.LoginTest" name="tc04_login" time="3.542"/>
  <system-out/>
  <testcase classname="tests.LoginTest" name="tc03_login" time="4.258"/>
  <system-out/>
</testsuite> <!-- tests.LoginTest -->
